[2023-03-14T14:12:52.182] [WARN] warn - ruta /css/estilos.css método GET no implementada
[2023-03-14T14:12:52.184] [WARN] warn - ruta /js/main.js método GET no implementada
[2023-03-14T14:12:58.834] [WARN] warn - ruta /css/estilos.css método GET no implementada
[2023-03-14T14:12:58.841] [WARN] warn - ruta /js/main.js método GET no implementada
[2023-03-14T14:13:13.234] [WARN] warn - ruta /js/main.js método GET no implementada
[2023-03-14T14:13:13.234] [WARN] warn - ruta /css/estilos.css método GET no implementada
[2023-03-14T14:13:13.270] [WARN] warn - ruta /upload/item2.jpeg método GET no implementada
[2023-03-14T14:13:13.290] [WARN] warn - ruta /upload/item3.jpeg método GET no implementada
[2023-03-14T14:13:13.338] [WARN] warn - ruta /upload/item8.jpeg método GET no implementada
[2023-03-14T14:13:13.339] [WARN] warn - ruta /upload/item9.jpeg método GET no implementada
[2023-03-14T14:13:13.341] [WARN] warn - ruta /upload/item1.jpeg método GET no implementada
[2023-03-14T14:13:13.373] [WARN] warn - ruta /api/..none método GET no implementada
[2023-03-14T14:13:13.421] [WARN] warn - ruta /upload/item7.jpeg método GET no implementada
[2023-03-14T14:13:13.421] [WARN] warn - ruta /upload/item5.jpeg método GET no implementada
[2023-03-14T14:13:13.434] [WARN] warn - ruta /upload/item4.jpeg método GET no implementada
[2023-03-17T11:51:34.602] [WARN] warn - ruta /css/estilos.css método GET no implementada
[2023-03-17T11:51:34.604] [WARN] warn - ruta /js/main.js método GET no implementada
[2023-03-17T11:51:34.679] [WARN] warn - ruta /favicon.ico método GET no implementada
[2023-03-17T11:51:54.048] [WARN] warn - ruta /css/estilos.css método GET no implementada
[2023-03-17T11:51:54.056] [WARN] warn - ruta /js/main.js método GET no implementada
[2023-03-17T11:51:54.117] [WARN] warn - ruta /favicon.ico método GET no implementada
[2023-03-17T11:51:56.785] [WARN] warn - ruta /favicon.ico método GET no implementada
[2023-03-17T11:52:01.427] [WARN] warn - ruta /favicon.ico método GET no implementada
[2023-03-17T11:52:03.004] [WARN] warn - ruta /css/estilos.css método GET no implementada
[2023-03-17T11:52:03.004] [WARN] warn - ruta /js/main.js método GET no implementada
[2023-03-17T11:52:03.018] [WARN] warn - ruta /upload/item2.jpeg método GET no implementada
[2023-03-17T11:52:03.022] [WARN] warn - ruta /upload/item4.jpeg método GET no implementada
[2023-03-17T11:52:03.024] [WARN] warn - ruta /upload/item5.jpeg método GET no implementada
[2023-03-17T11:52:03.026] [WARN] warn - ruta /upload/item7.jpeg método GET no implementada
[2023-03-17T11:52:03.044] [WARN] warn - ruta /upload/item1.jpeg método GET no implementada
[2023-03-17T11:52:03.065] [WARN] warn - ruta /upload/item3.jpeg método GET no implementada
[2023-03-17T11:52:03.109] [WARN] warn - ruta /upload/item8.jpeg método GET no implementada
[2023-03-17T11:52:03.111] [WARN] warn - ruta /upload/item9.jpeg método GET no implementada
[2023-03-17T11:52:03.117] [WARN] warn - ruta /api/none método GET no implementada
[2023-03-17T11:52:03.245] [WARN] warn - ruta /favicon.ico método GET no implementada
[2023-03-17T11:52:04.968] [WARN] warn - ruta /css/estilos.css método GET no implementada
[2023-03-17T11:52:04.970] [WARN] warn - ruta /js/main.js método GET no implementada
[2023-03-17T11:52:04.993] [WARN] warn - ruta /favicon.ico método GET no implementada
[2023-03-17T11:52:06.213] [WARN] warn - ruta /favicon.ico método GET no implementada
[2023-03-17T12:08:18.747] [WARN] warn - ruta /css/estilos.css método GET no implementada
[2023-03-17T12:08:18.749] [WARN] warn - ruta /js/main.js método GET no implementada
[2023-03-17T12:08:18.932] [WARN] warn - ruta /favicon.ico método GET no implementada
[2023-03-17T12:11:01.962] [WARN] warn - ruta /css/estilos.css método GET no implementada
[2023-03-17T12:11:01.974] [WARN] warn - ruta /js/main.js método GET no implementada
[2023-03-17T12:11:01.985] [WARN] warn - ruta /favicon.ico método GET no implementada
[2023-03-17T12:11:03.198] [WARN] warn - ruta /css/estilos.css método GET no implementada
[2023-03-17T12:11:03.204] [WARN] warn - ruta /js/main.js método GET no implementada
[2023-03-17T12:11:03.214] [WARN] warn - ruta /favicon.ico método GET no implementada
[2023-03-17T12:11:30.384] [WARN] warn - ruta /js/main.js método GET no implementada
[2023-03-17T12:11:30.387] [WARN] warn - ruta /css/estilos.css método GET no implementada
[2023-03-17T12:11:30.461] [WARN] warn - ruta /favicon.ico método GET no implementada
[2023-03-17T12:11:30.621] [WARN] warn - ruta /js/main.js método GET no implementada
[2023-03-17T12:11:30.625] [WARN] warn - ruta /css/estilos.css método GET no implementada
[2023-03-17T12:11:30.634] [WARN] warn - ruta /favicon.ico método GET no implementada
[2023-03-17T12:11:31.921] [WARN] warn - ruta /css/estilos.css método GET no implementada
[2023-03-17T12:11:31.922] [WARN] warn - ruta /js/main.js método GET no implementada
[2023-03-17T12:11:31.931] [WARN] warn - ruta /favicon.ico método GET no implementada
[2023-03-17T12:12:03.638] [WARN] warn - ruta /js/main.js método GET no implementada
[2023-03-17T12:12:03.641] [WARN] warn - ruta /css/estilos.css método GET no implementada
[2023-03-17T12:12:03.649] [WARN] warn - ruta /favicon.ico método GET no implementada
[2023-03-17T12:12:05.519] [WARN] warn - ruta /js/main.js método GET no implementada
[2023-03-17T12:12:05.520] [WARN] warn - ruta /css/estilos.css método GET no implementada
[2023-03-17T12:12:05.531] [WARN] warn - ruta /favicon.ico método GET no implementada
[2023-03-17T12:12:06.801] [WARN] warn - ruta /js/main.js método GET no implementada
[2023-03-17T12:12:06.802] [WARN] warn - ruta /css/estilos.css método GET no implementada
[2023-03-17T12:12:06.813] [WARN] warn - ruta /favicon.ico método GET no implementada
[2023-03-17T12:12:11.564] [WARN] warn - ruta /css/estilos.css método GET no implementada
[2023-03-17T12:12:53.246] [WARN] warn - ruta /js/main.js método GET no implementada
[2023-03-17T12:12:53.246] [WARN] warn - ruta /css/estilos.css método GET no implementada
[2023-03-17T12:12:53.281] [WARN] warn - ruta /favicon.ico método GET no implementada
[2023-03-17T12:14:04.933] [WARN] warn - ruta /js/main.js método GET no implementada
[2023-03-17T12:14:04.944] [WARN] warn - ruta /css/estilos.css método GET no implementada
[2023-03-17T12:14:04.966] [WARN] warn - ruta /favicon.ico método GET no implementada
[2023-03-17T12:14:10.545] [WARN] warn - ruta /js/main.js método GET no implementada
[2023-03-17T12:14:10.553] [WARN] warn - ruta /css/estilos.css método GET no implementada
[2023-03-17T12:14:10.578] [WARN] warn - ruta /favicon.ico método GET no implementada
[2023-03-17T12:15:27.748] [WARN] warn - ruta /favicon.ico método GET no implementada
[2023-03-17T12:15:33.943] [WARN] warn - ruta /favicon.ico método GET no implementada
[2023-03-17T12:15:35.310] [WARN] warn - ruta /favicon.ico método GET no implementada
[2023-03-17T12:15:36.436] [WARN] warn - ruta /css/estilos.css método GET no implementada
[2023-03-17T12:15:36.650] [WARN] warn - ruta /favicon.ico método GET no implementada
[2023-03-17T12:15:37.836] [WARN] warn - ruta /favicon.ico método GET no implementada
[2023-03-17T12:15:39.256] [WARN] warn - ruta /favicon.ico método GET no implementada
[2023-03-17T12:15:39.270] [WARN] warn - ruta /css/estilos.css método GET no implementada
[2023-03-17T12:15:40.313] [WARN] warn - ruta /css/estilos.css método GET no implementada
[2023-03-17T12:15:40.367] [WARN] warn - ruta /js/main.js método GET no implementada
[2023-03-17T12:15:40.397] [WARN] warn - ruta /favicon.ico método GET no implementada
[2023-03-17T12:15:45.104] [WARN] warn - ruta /css/estilos.css método GET no implementada
[2023-03-17T12:15:45.173] [WARN] warn - ruta /js/main.js método GET no implementada
[2023-03-17T12:15:45.220] [WARN] warn - ruta /favicon.ico método GET no implementada
[2023-03-17T12:15:46.126] [WARN] warn - ruta /favicon.ico método GET no implementada
[2023-03-20T09:46:12.350] [WARN] warn - ruta /favicon.ico método GET no implementada
[2023-03-20T09:52:02.395] [WARN] warn - ruta /favicon.ico método GET no implementada
[2023-03-20T09:52:57.635] [WARN] warn - ruta /favicon.ico método GET no implementada
[2023-03-20T09:52:59.692] [WARN] warn - ruta /js/main.js método GET no implementada
[2023-03-20T09:52:59.693] [WARN] warn - ruta /css/estilos.css método GET no implementada
[2023-03-20T09:52:59.734] [WARN] warn - ruta /favicon.ico método GET no implementada
[2023-03-20T09:53:08.784] [WARN] warn - ruta /css/estilos.css método GET no implementada
[2023-03-20T09:53:08.793] [WARN] warn - ruta /js/main.js método GET no implementada
[2023-03-20T09:53:08.856] [WARN] warn - ruta /favicon.ico método GET no implementada
[2023-03-20T09:53:12.800] [WARN] warn - ruta /js/main.js método GET no implementada
[2023-03-20T09:53:12.802] [WARN] warn - ruta /css/estilos.css método GET no implementada
[2023-03-20T09:53:12.902] [WARN] warn - ruta /favicon.ico método GET no implementada
[2023-03-20T09:53:14.815] [WARN] warn - ruta /js/main.js método GET no implementada
[2023-03-20T09:53:14.827] [WARN] warn - ruta /css/estilos.css método GET no implementada
[2023-03-20T09:53:14.888] [WARN] warn - ruta /upload/item1.jpeg método GET no implementada
[2023-03-20T09:53:14.943] [WARN] warn - ruta /upload/item3.jpeg método GET no implementada
[2023-03-20T09:53:14.970] [WARN] warn - ruta /api/none método GET no implementada
[2023-03-20T09:53:14.972] [WARN] warn - ruta /upload/item8.jpeg método GET no implementada
[2023-03-20T09:53:14.985] [WARN] warn - ruta /upload/item2.jpeg método GET no implementada
[2023-03-20T09:53:15.051] [WARN] warn - ruta /upload/item9.jpeg método GET no implementada
[2023-03-20T09:53:15.098] [WARN] warn - ruta /upload/item5.jpeg método GET no implementada
[2023-03-20T09:53:15.109] [WARN] warn - ruta /upload/item4.jpeg método GET no implementada
[2023-03-20T09:53:15.110] [WARN] warn - ruta /upload/item7.jpeg método GET no implementada
[2023-03-20T09:53:15.130] [WARN] warn - ruta /favicon.ico método GET no implementada
[2023-03-20T09:53:46.053] [WARN] warn - ruta /css/estilos.css método GET no implementada
[2023-03-20T09:53:46.109] [WARN] warn - ruta /js/main.js método GET no implementada
[2023-03-20T09:53:46.127] [WARN] warn - ruta /upload/item1.jpeg método GET no implementada
[2023-03-20T09:53:46.137] [WARN] warn - ruta /upload/item9.jpeg método GET no implementada
[2023-03-20T09:53:46.156] [WARN] warn - ruta /upload/item8.jpeg método GET no implementada
[2023-03-20T09:53:46.161] [WARN] warn - ruta /upload/item4.jpeg método GET no implementada
[2023-03-20T09:53:46.161] [WARN] warn - ruta /api/none método GET no implementada
[2023-03-20T09:53:46.164] [WARN] warn - ruta /upload/item5.jpeg método GET no implementada
[2023-03-20T09:53:46.170] [WARN] warn - ruta /upload/item2.jpeg método GET no implementada
[2023-03-20T09:53:46.172] [WARN] warn - ruta /upload/item3.jpeg método GET no implementada
[2023-03-20T09:53:46.177] [WARN] warn - ruta /upload/item7.jpeg método GET no implementada
[2023-03-20T09:53:46.221] [WARN] warn - ruta /favicon.ico método GET no implementada
[2023-03-20T09:53:50.167] [WARN] warn - ruta /css/estilos.css método GET no implementada
[2023-03-20T09:54:21.312] [WARN] warn - ruta /js/main.js método GET no implementada
[2023-03-20T09:54:21.323] [WARN] warn - ruta /css/estilos.css método GET no implementada
[2023-03-20T09:54:21.337] [WARN] warn - ruta /upload/item1.jpeg método GET no implementada
[2023-03-20T09:54:21.338] [WARN] warn - ruta /upload/item2.jpeg método GET no implementada
[2023-03-20T09:54:21.384] [WARN] warn - ruta /upload/item5.jpeg método GET no implementada
[2023-03-20T09:54:21.401] [WARN] warn - ruta /upload/item3.jpeg método GET no implementada
[2023-03-20T09:54:21.405] [WARN] warn - ruta /upload/item8.jpeg método GET no implementada
[2023-03-20T09:54:21.419] [WARN] warn - ruta /api/none método GET no implementada
[2023-03-20T09:54:21.509] [WARN] warn - ruta /upload/item7.jpeg método GET no implementada
[2023-03-20T09:54:21.518] [WARN] warn - ruta /upload/item9.jpeg método GET no implementada
[2023-03-20T09:54:21.557] [WARN] warn - ruta /upload/item4.jpeg método GET no implementada
[2023-03-20T09:54:21.589] [WARN] warn - ruta /favicon.ico método GET no implementada
[2023-03-20T09:54:46.755] [WARN] warn - ruta /js/main.js método GET no implementada
[2023-03-20T09:54:46.765] [WARN] warn - ruta /css/estilos.css método GET no implementada
[2023-03-20T09:54:46.777] [WARN] warn - ruta /upload/item1.jpeg método GET no implementada
[2023-03-20T09:54:46.785] [WARN] warn - ruta /upload/item2.jpeg método GET no implementada
[2023-03-20T09:54:46.787] [WARN] warn - ruta /upload/item3.jpeg método GET no implementada
[2023-03-20T09:54:46.808] [WARN] warn - ruta /upload/item5.jpeg método GET no implementada
[2023-03-20T09:54:46.808] [WARN] warn - ruta /upload/item7.jpeg método GET no implementada
[2023-03-20T09:54:46.809] [WARN] warn - ruta /upload/item9.jpeg método GET no implementada
[2023-03-20T09:54:46.846] [WARN] warn - ruta /upload/item8.jpeg método GET no implementada
[2023-03-20T09:54:46.851] [WARN] warn - ruta /api/none método GET no implementada
[2023-03-20T09:54:46.863] [WARN] warn - ruta /upload/item4.jpeg método GET no implementada
[2023-03-20T09:54:46.919] [WARN] warn - ruta /favicon.ico método GET no implementada
[2023-03-20T09:56:35.268] [WARN] warn - ruta /css/estilos.css método GET no implementada
[2023-03-20T09:56:35.298] [WARN] warn - ruta /js/main.js método GET no implementada
[2023-03-20T09:56:35.363] [WARN] warn - ruta /upload/item1.jpeg método GET no implementada
[2023-03-20T09:56:35.377] [WARN] warn - ruta /upload/item4.jpeg método GET no implementada
[2023-03-20T09:56:35.381] [WARN] warn - ruta /upload/item3.jpeg método GET no implementada
[2023-03-20T09:56:35.421] [WARN] warn - ruta /upload/item2.jpeg método GET no implementada
[2023-03-20T09:56:35.430] [WARN] warn - ruta /upload/item8.jpeg método GET no implementada
[2023-03-20T09:56:35.456] [WARN] warn - ruta /api/none método GET no implementada
[2023-03-20T09:56:35.460] [WARN] warn - ruta /upload/item5.jpeg método GET no implementada
[2023-03-20T09:56:35.479] [WARN] warn - ruta /upload/item9.jpeg método GET no implementada
[2023-03-20T09:56:35.503] [WARN] warn - ruta /upload/item7.jpeg método GET no implementada
[2023-03-20T09:56:35.517] [WARN] warn - ruta /favicon.ico método GET no implementada
[2023-03-20T09:57:05.203] [WARN] warn - ruta /css/estilos.css método GET no implementada
[2023-03-20T09:57:05.220] [WARN] warn - ruta /js/main.js método GET no implementada
[2023-03-20T09:57:05.230] [WARN] warn - ruta /upload/item1.jpeg método GET no implementada
[2023-03-20T09:57:05.289] [WARN] warn - ruta /upload/item2.jpeg método GET no implementada
[2023-03-20T09:57:05.316] [WARN] warn - ruta /upload/item9.jpeg método GET no implementada
[2023-03-20T09:57:05.326] [WARN] warn - ruta /api/none método GET no implementada
[2023-03-20T09:57:05.329] [WARN] warn - ruta /upload/item3.jpeg método GET no implementada
[2023-03-20T09:57:05.330] [WARN] warn - ruta /upload/item4.jpeg método GET no implementada
[2023-03-20T09:57:05.339] [WARN] warn - ruta /upload/item8.jpeg método GET no implementada
[2023-03-20T09:57:05.357] [WARN] warn - ruta /upload/item5.jpeg método GET no implementada
[2023-03-20T09:57:05.359] [WARN] warn - ruta /upload/item7.jpeg método GET no implementada
[2023-03-20T09:57:05.433] [WARN] warn - ruta /favicon.ico método GET no implementada
[2023-03-20T09:57:39.968] [WARN] warn - ruta /css/estilos.css método GET no implementada
[2023-03-20T09:57:39.981] [WARN] warn - ruta /js/main.js método GET no implementada
[2023-03-20T09:57:39.990] [WARN] warn - ruta /upload/item1.jpeg método GET no implementada
[2023-03-20T09:57:40.055] [WARN] warn - ruta /upload/item2.jpeg método GET no implementada
[2023-03-20T09:57:40.059] [WARN] warn - ruta /upload/item5.jpeg método GET no implementada
[2023-03-20T09:57:40.060] [WARN] warn - ruta /upload/item3.jpeg método GET no implementada
[2023-03-20T09:57:40.070] [WARN] warn - ruta /upload/item7.jpeg método GET no implementada
[2023-03-20T09:57:40.091] [WARN] warn - ruta /upload/item9.jpeg método GET no implementada
[2023-03-20T09:57:40.097] [WARN] warn - ruta /upload/item4.jpeg método GET no implementada
[2023-03-20T09:57:40.118] [WARN] warn - ruta /upload/item8.jpeg método GET no implementada
[2023-03-20T09:57:40.128] [WARN] warn - ruta /api/none método GET no implementada
[2023-03-20T09:57:40.141] [WARN] warn - ruta /favicon.ico método GET no implementada
[2023-03-20T09:59:16.271] [WARN] warn - ruta /css/estilos.css método GET no implementada
[2023-03-20T09:59:16.283] [WARN] warn - ruta /js/main.js método GET no implementada
[2023-03-20T09:59:16.342] [WARN] warn - ruta /upload/item2.jpeg método GET no implementada
[2023-03-20T09:59:16.356] [WARN] warn - ruta /upload/item1.jpeg método GET no implementada
[2023-03-20T09:59:16.357] [WARN] warn - ruta /upload/item3.jpeg método GET no implementada
[2023-03-20T09:59:16.383] [WARN] warn - ruta /upload/item9.jpeg método GET no implementada
[2023-03-20T09:59:16.383] [WARN] warn - ruta /api/none método GET no implementada
[2023-03-20T09:59:16.392] [WARN] warn - ruta /upload/item5.jpeg método GET no implementada
[2023-03-20T09:59:16.397] [WARN] warn - ruta /upload/item8.jpeg método GET no implementada
[2023-03-20T09:59:16.399] [WARN] warn - ruta /upload/item4.jpeg método GET no implementada
[2023-03-20T09:59:16.434] [WARN] warn - ruta /upload/item7.jpeg método GET no implementada
[2023-03-20T09:59:16.482] [WARN] warn - ruta /favicon.ico método GET no implementada
[2023-03-20T10:01:08.199] [WARN] warn - ruta /js/main.js método GET no implementada
[2023-03-20T10:01:08.220] [WARN] warn - ruta /css/estilos.css método GET no implementada
[2023-03-20T10:01:08.266] [WARN] warn - ruta /upload/item1.jpeg método GET no implementada
[2023-03-20T10:01:08.268] [WARN] warn - ruta /upload/item2.jpeg método GET no implementada
[2023-03-20T10:01:08.283] [WARN] warn - ruta /upload/item5.jpeg método GET no implementada
[2023-03-20T10:01:08.283] [WARN] warn - ruta /upload/item7.jpeg método GET no implementada
[2023-03-20T10:01:08.288] [WARN] warn - ruta /upload/item3.jpeg método GET no implementada
[2023-03-20T10:01:08.295] [WARN] warn - ruta /upload/item8.jpeg método GET no implementada
[2023-03-20T10:01:08.295] [WARN] warn - ruta /api/none método GET no implementada
[2023-03-20T10:01:08.302] [WARN] warn - ruta /upload/item4.jpeg método GET no implementada
[2023-03-20T10:01:08.303] [WARN] warn - ruta /upload/item9.jpeg método GET no implementada
[2023-03-20T10:01:08.325] [WARN] warn - ruta /favicon.ico método GET no implementada
[2023-03-20T10:02:35.645] [WARN] warn - ruta /js/main.js método GET no implementada
[2023-03-20T10:02:35.666] [WARN] warn - ruta /css/estilos.css método GET no implementada
[2023-03-20T10:02:35.733] [WARN] warn - ruta /upload/item1.jpeg método GET no implementada
[2023-03-20T10:02:35.744] [WARN] warn - ruta /upload/item4.jpeg método GET no implementada
[2023-03-20T10:02:35.748] [WARN] warn - ruta /upload/item3.jpeg método GET no implementada
[2023-03-20T10:02:35.750] [WARN] warn - ruta /api/none método GET no implementada
[2023-03-20T10:02:35.758] [WARN] warn - ruta /upload/item2.jpeg método GET no implementada
[2023-03-20T10:02:35.772] [WARN] warn - ruta /upload/item7.jpeg método GET no implementada
[2023-03-20T10:02:35.781] [WARN] warn - ruta /upload/item5.jpeg método GET no implementada
[2023-03-20T10:02:35.787] [WARN] warn - ruta /upload/item9.jpeg método GET no implementada
[2023-03-20T10:02:35.788] [WARN] warn - ruta /upload/item8.jpeg método GET no implementada
[2023-03-20T10:02:35.901] [WARN] warn - ruta /favicon.ico método GET no implementada
[2023-03-20T10:04:00.275] [WARN] warn - ruta /css/estilos.css método GET no implementada
[2023-03-20T10:04:00.277] [WARN] warn - ruta /js/main.js método GET no implementada
[2023-03-20T10:04:00.291] [WARN] warn - ruta /upload/item1.jpeg método GET no implementada
[2023-03-20T10:04:00.310] [WARN] warn - ruta /upload/item2.jpeg método GET no implementada
[2023-03-20T10:04:00.312] [WARN] warn - ruta /upload/item3.jpeg método GET no implementada
[2023-03-20T10:04:00.314] [WARN] warn - ruta /upload/item9.jpeg método GET no implementada
[2023-03-20T10:04:00.340] [WARN] warn - ruta /api/none método GET no implementada
[2023-03-20T10:04:00.342] [WARN] warn - ruta /upload/item4.jpeg método GET no implementada
[2023-03-20T10:04:00.363] [WARN] warn - ruta /upload/item5.jpeg método GET no implementada
[2023-03-20T10:04:00.375] [WARN] warn - ruta /upload/item7.jpeg método GET no implementada
[2023-03-20T10:04:00.402] [WARN] warn - ruta /upload/item8.jpeg método GET no implementada
[2023-03-20T10:04:00.429] [WARN] warn - ruta /favicon.ico método GET no implementada
[2023-03-20T10:07:47.401] [WARN] warn - ruta /css/estilos.css método GET no implementada
[2023-03-20T10:07:47.404] [WARN] warn - ruta /js/main.js método GET no implementada
[2023-03-20T10:07:47.418] [WARN] warn - ruta /upload/item1.jpeg método GET no implementada
[2023-03-20T10:07:47.444] [WARN] warn - ruta /upload/item2.jpeg método GET no implementada
[2023-03-20T10:07:47.445] [WARN] warn - ruta /upload/item3.jpeg método GET no implementada
[2023-03-20T10:07:47.463] [WARN] warn - ruta /api/none método GET no implementada
[2023-03-20T10:07:47.464] [WARN] warn - ruta /upload/item9.jpeg método GET no implementada
[2023-03-20T10:07:47.494] [WARN] warn - ruta /upload/item4.jpeg método GET no implementada
[2023-03-20T10:07:47.501] [WARN] warn - ruta /upload/item5.jpeg método GET no implementada
[2023-03-20T10:07:47.502] [WARN] warn - ruta /upload/item8.jpeg método GET no implementada
[2023-03-20T10:07:47.521] [WARN] warn - ruta /upload/item7.jpeg método GET no implementada
[2023-03-20T10:07:47.566] [WARN] warn - ruta /favicon.ico método GET no implementada
[2023-03-20T10:07:57.885] [WARN] warn - ruta /js/main.js método GET no implementada
[2023-03-20T10:07:57.893] [WARN] warn - ruta /css/estilos.css método GET no implementada
[2023-03-20T10:07:57.945] [WARN] warn - ruta /upload/item1.jpeg método GET no implementada
[2023-03-20T10:07:57.953] [WARN] warn - ruta /upload/item4.jpeg método GET no implementada
[2023-03-20T10:07:57.959] [WARN] warn - ruta /upload/item2.jpeg método GET no implementada
[2023-03-20T10:07:57.962] [WARN] warn - ruta /upload/item3.jpeg método GET no implementada
[2023-03-20T10:07:58.001] [WARN] warn - ruta /upload/item8.jpeg método GET no implementada
[2023-03-20T10:07:58.003] [WARN] warn - ruta /upload/item5.jpeg método GET no implementada
[2023-03-20T10:07:58.012] [WARN] warn - ruta /api/none método GET no implementada
[2023-03-20T10:07:58.014] [WARN] warn - ruta /upload/item9.jpeg método GET no implementada
[2023-03-20T10:07:58.022] [WARN] warn - ruta /upload/item7.jpeg método GET no implementada
[2023-03-20T10:07:58.055] [WARN] warn - ruta /favicon.ico método GET no implementada
[2023-03-20T10:08:26.030] [WARN] warn - ruta /js/main.js método GET no implementada
[2023-03-20T10:08:26.043] [WARN] warn - ruta /css/estilos.css método GET no implementada
[2023-03-20T10:08:26.082] [WARN] warn - ruta /upload/item2.jpeg método GET no implementada
[2023-03-20T10:08:26.085] [WARN] warn - ruta /upload/item1.jpeg método GET no implementada
[2023-03-20T10:08:26.098] [WARN] warn - ruta /upload/item3.jpeg método GET no implementada
[2023-03-20T10:08:26.101] [WARN] warn - ruta /upload/item5.jpeg método GET no implementada
[2023-03-20T10:08:26.103] [WARN] warn - ruta /upload/item4.jpeg método GET no implementada
[2023-03-20T10:08:26.106] [WARN] warn - ruta /upload/item8.jpeg método GET no implementada
[2023-03-20T10:08:26.107] [WARN] warn - ruta /api/none método GET no implementada
[2023-03-20T10:08:26.111] [WARN] warn - ruta /upload/item9.jpeg método GET no implementada
[2023-03-20T10:08:26.127] [WARN] warn - ruta /upload/item7.jpeg método GET no implementada
[2023-03-20T10:08:26.147] [WARN] warn - ruta /favicon.ico método GET no implementada
[2023-03-20T10:08:34.966] [WARN] warn - ruta /js/main.js método GET no implementada
[2023-03-20T10:08:34.968] [WARN] warn - ruta /css/estilos.css método GET no implementada
[2023-03-20T10:08:34.984] [WARN] warn - ruta /upload/item1.jpeg método GET no implementada
[2023-03-20T10:08:35.047] [WARN] warn - ruta /upload/item2.jpeg método GET no implementada
[2023-03-20T10:08:35.048] [WARN] warn - ruta /upload/item3.jpeg método GET no implementada
[2023-03-20T10:08:35.056] [WARN] warn - ruta /upload/item4.jpeg método GET no implementada
[2023-03-20T10:08:35.058] [WARN] warn - ruta /upload/item5.jpeg método GET no implementada
[2023-03-20T10:08:35.068] [WARN] warn - ruta /upload/item7.jpeg método GET no implementada
[2023-03-20T10:08:35.069] [WARN] warn - ruta /upload/item8.jpeg método GET no implementada
[2023-03-20T10:08:35.071] [WARN] warn - ruta /upload/item9.jpeg método GET no implementada
[2023-03-20T10:08:35.074] [WARN] warn - ruta /api/none método GET no implementada
[2023-03-20T10:08:35.093] [WARN] warn - ruta /favicon.ico método GET no implementada
[2023-03-20T10:09:15.973] [WARN] warn - ruta /js/main.js método GET no implementada
[2023-03-20T10:09:15.986] [WARN] warn - ruta /css/estilos.css método GET no implementada
[2023-03-20T10:09:15.987] [WARN] warn - ruta /upload/item1.jpeg método GET no implementada
[2023-03-20T10:09:15.990] [WARN] warn - ruta /upload/item2.jpeg método GET no implementada
[2023-03-20T10:09:16.000] [WARN] warn - ruta /upload/item3.jpeg método GET no implementada
[2023-03-20T10:09:16.001] [WARN] warn - ruta /upload/item4.jpeg método GET no implementada
[2023-03-20T10:09:16.041] [WARN] warn - ruta /upload/item5.jpeg método GET no implementada
[2023-03-20T10:09:16.041] [WARN] warn - ruta /upload/item7.jpeg método GET no implementada
[2023-03-20T10:09:16.042] [WARN] warn - ruta /upload/item8.jpeg método GET no implementada
[2023-03-20T10:09:16.065] [WARN] warn - ruta /upload/item9.jpeg método GET no implementada
[2023-03-20T10:09:16.067] [WARN] warn - ruta /api/none método GET no implementada
[2023-03-20T10:09:16.078] [WARN] warn - ruta /favicon.ico método GET no implementada
[2023-03-20T10:09:26.848] [WARN] warn - ruta /css/estilos.css método GET no implementada
[2023-03-20T10:09:26.871] [WARN] warn - ruta /js/main.js método GET no implementada
[2023-03-20T10:09:26.907] [WARN] warn - ruta /upload/item1.jpeg método GET no implementada
[2023-03-20T10:09:26.929] [WARN] warn - ruta /upload/item2.jpeg método GET no implementada
[2023-03-20T10:09:26.936] [WARN] warn - ruta /upload/item4.jpeg método GET no implementada
[2023-03-20T10:09:26.938] [WARN] warn - ruta /upload/item3.jpeg método GET no implementada
[2023-03-20T10:09:26.941] [WARN] warn - ruta /upload/item5.jpeg método GET no implementada
[2023-03-20T10:09:26.942] [WARN] warn - ruta /upload/item7.jpeg método GET no implementada
[2023-03-20T10:09:26.946] [WARN] warn - ruta /upload/item8.jpeg método GET no implementada
[2023-03-20T10:09:26.950] [WARN] warn - ruta /upload/item9.jpeg método GET no implementada
[2023-03-20T10:09:26.954] [WARN] warn - ruta /api/none método GET no implementada
[2023-03-20T10:09:27.100] [WARN] warn - ruta /favicon.ico método GET no implementada
[2023-03-20T10:11:04.629] [WARN] warn - ruta /css/estilos.css método GET no implementada
[2023-03-20T10:11:04.632] [WARN] warn - ruta /js/main.js método GET no implementada
[2023-03-20T10:11:04.661] [WARN] warn - ruta /upload/item3.jpeg método GET no implementada
[2023-03-20T10:11:04.662] [WARN] warn - ruta /upload/item8.jpeg método GET no implementada
[2023-03-20T10:11:04.672] [WARN] warn - ruta /upload/item1.jpeg método GET no implementada
[2023-03-20T10:11:04.673] [WARN] warn - ruta /upload/item2.jpeg método GET no implementada
[2023-03-20T10:11:04.714] [WARN] warn - ruta /upload/item9.jpeg método GET no implementada
[2023-03-20T10:11:04.720] [WARN] warn - ruta /api/none método GET no implementada
[2023-03-20T10:11:04.726] [WARN] warn - ruta /upload/item5.jpeg método GET no implementada
[2023-03-20T10:11:04.727] [WARN] warn - ruta /upload/item7.jpeg método GET no implementada
[2023-03-20T10:11:04.731] [WARN] warn - ruta /upload/item4.jpeg método GET no implementada
[2023-03-20T10:11:04.751] [WARN] warn - ruta /favicon.ico método GET no implementada
[2023-03-20T10:11:13.467] [WARN] warn - ruta /js/main.js método GET no implementada
[2023-03-20T10:11:13.474] [WARN] warn - ruta /css/estilos.css método GET no implementada
[2023-03-20T10:11:13.500] [WARN] warn - ruta /upload/item1.jpeg método GET no implementada
[2023-03-20T10:11:13.519] [WARN] warn - ruta /upload/item2.jpeg método GET no implementada
[2023-03-20T10:11:13.520] [WARN] warn - ruta /upload/item3.jpeg método GET no implementada
[2023-03-20T10:11:13.523] [WARN] warn - ruta /upload/item4.jpeg método GET no implementada
[2023-03-20T10:11:13.539] [WARN] warn - ruta /upload/item8.jpeg método GET no implementada
[2023-03-20T10:11:13.556] [WARN] warn - ruta /api/none método GET no implementada
[2023-03-20T10:11:13.583] [WARN] warn - ruta /upload/item9.jpeg método GET no implementada
[2023-03-20T10:11:13.584] [WARN] warn - ruta /upload/item5.jpeg método GET no implementada
[2023-03-20T10:11:13.585] [WARN] warn - ruta /upload/item7.jpeg método GET no implementada
[2023-03-20T10:11:13.610] [WARN] warn - ruta /favicon.ico método GET no implementada
[2023-03-20T10:11:30.384] [WARN] warn - ruta /css/estilos.css método GET no implementada
[2023-03-20T10:11:30.391] [WARN] warn - ruta /js/main.js método GET no implementada
[2023-03-20T10:11:30.408] [WARN] warn - ruta /upload/item1.jpeg método GET no implementada
[2023-03-20T10:11:30.419] [WARN] warn - ruta /upload/item3.jpeg método GET no implementada
[2023-03-20T10:11:30.420] [WARN] warn - ruta /upload/item4.jpeg método GET no implementada
[2023-03-20T10:11:30.427] [WARN] warn - ruta /upload/item2.jpeg método GET no implementada
[2023-03-20T10:11:30.427] [WARN] warn - ruta /upload/item5.jpeg método GET no implementada
[2023-03-20T10:11:30.451] [WARN] warn - ruta /upload/item7.jpeg método GET no implementada
[2023-03-20T10:11:30.462] [WARN] warn - ruta /api/none método GET no implementada
[2023-03-20T10:11:30.467] [WARN] warn - ruta /upload/item9.jpeg método GET no implementada
[2023-03-20T10:11:30.483] [WARN] warn - ruta /upload/item8.jpeg método GET no implementada
[2023-03-20T10:11:30.530] [WARN] warn - ruta /favicon.ico método GET no implementada
[2023-03-20T10:12:03.029] [WARN] warn - ruta /js/main.js método GET no implementada
[2023-03-20T10:12:03.050] [WARN] warn - ruta /css/estilos.css método GET no implementada
[2023-03-20T10:12:03.079] [WARN] warn - ruta /upload/item1.jpeg método GET no implementada
[2023-03-20T10:12:03.089] [WARN] warn - ruta /upload/item2.jpeg método GET no implementada
[2023-03-20T10:12:03.097] [WARN] warn - ruta /upload/item3.jpeg método GET no implementada
[2023-03-20T10:12:03.112] [WARN] warn - ruta /upload/item5.jpeg método GET no implementada
[2023-03-20T10:12:03.115] [WARN] warn - ruta /upload/item4.jpeg método GET no implementada
[2023-03-20T10:12:03.117] [WARN] warn - ruta /upload/item7.jpeg método GET no implementada
[2023-03-20T10:12:03.128] [WARN] warn - ruta /upload/item9.jpeg método GET no implementada
[2023-03-20T10:12:03.137] [WARN] warn - ruta /upload/item8.jpeg método GET no implementada
[2023-03-20T10:12:03.145] [WARN] warn - ruta /api/none método GET no implementada
[2023-03-20T10:12:03.162] [WARN] warn - ruta /favicon.ico método GET no implementada
[2023-03-20T10:12:35.818] [WARN] warn - ruta /js/main.js método GET no implementada
[2023-03-20T10:12:35.845] [WARN] warn - ruta /css/estilos.css método GET no implementada
[2023-03-20T10:12:35.854] [WARN] warn - ruta /upload/item1.jpeg método GET no implementada
[2023-03-20T10:12:35.918] [WARN] warn - ruta /upload/item2.jpeg método GET no implementada
[2023-03-20T10:12:35.920] [WARN] warn - ruta /upload/item3.jpeg método GET no implementada
[2023-03-20T10:12:35.936] [WARN] warn - ruta /upload/item9.jpeg método GET no implementada
[2023-03-20T10:12:35.937] [WARN] warn - ruta /api/none método GET no implementada
[2023-03-20T10:12:35.946] [WARN] warn - ruta /upload/item4.jpeg método GET no implementada
[2023-03-20T10:12:35.948] [WARN] warn - ruta /upload/item5.jpeg método GET no implementada
[2023-03-20T10:12:35.949] [WARN] warn - ruta /upload/item7.jpeg método GET no implementada
[2023-03-20T10:12:35.959] [WARN] warn - ruta /upload/item8.jpeg método GET no implementada
[2023-03-20T10:12:35.973] [WARN] warn - ruta /favicon.ico método GET no implementada
[2023-03-20T10:19:20.538] [WARN] warn - ruta /css/estilos.css método GET no implementada
[2023-03-20T10:19:20.546] [WARN] warn - ruta /js/main.js método GET no implementada
[2023-03-20T10:19:20.588] [WARN] warn - ruta /upload/item1.jpeg método GET no implementada
[2023-03-20T10:19:20.589] [WARN] warn - ruta /upload/item2.jpeg método GET no implementada
[2023-03-20T10:19:20.591] [WARN] warn - ruta /upload/item9.jpeg método GET no implementada
[2023-03-20T10:19:20.598] [WARN] warn - ruta /upload/item8.jpeg método GET no implementada
[2023-03-20T10:19:20.600] [WARN] warn - ruta /api/none método GET no implementada
[2023-03-20T10:19:20.601] [WARN] warn - ruta /upload/item3.jpeg método GET no implementada
[2023-03-20T10:19:20.616] [WARN] warn - ruta /upload/item4.jpeg método GET no implementada
[2023-03-20T10:19:20.618] [WARN] warn - ruta /upload/item5.jpeg método GET no implementada
[2023-03-20T10:19:20.618] [WARN] warn - ruta /upload/item7.jpeg método GET no implementada
[2023-03-20T10:19:20.661] [WARN] warn - ruta /favicon.ico método GET no implementada
[2023-03-20T10:23:12.162] [WARN] warn - ruta /css/estilos.css método GET no implementada
[2023-03-20T10:23:12.184] [WARN] warn - ruta /js/main.js método GET no implementada
[2023-03-20T10:23:12.194] [WARN] warn - ruta /upload/item1.jpeg método GET no implementada
[2023-03-20T10:23:12.231] [WARN] warn - ruta /upload/item2.jpeg método GET no implementada
[2023-03-20T10:23:12.234] [WARN] warn - ruta /upload/item9.jpeg método GET no implementada
[2023-03-20T10:23:12.236] [WARN] warn - ruta /api/none método GET no implementada
[2023-03-20T10:23:12.240] [WARN] warn - ruta /upload/item3.jpeg método GET no implementada
[2023-03-20T10:23:12.241] [WARN] warn - ruta /upload/item4.jpeg método GET no implementada
[2023-03-20T10:23:12.245] [WARN] warn - ruta /upload/item5.jpeg método GET no implementada
[2023-03-20T10:23:12.247] [WARN] warn - ruta /upload/item7.jpeg método GET no implementada
[2023-03-20T10:23:12.256] [WARN] warn - ruta /upload/item8.jpeg método GET no implementada
[2023-03-20T10:23:12.264] [WARN] warn - ruta /favicon.ico método GET no implementada
[2023-03-20T10:23:45.246] [WARN] warn - ruta /api/carritos método GET no implementada
[2023-03-20T10:23:45.343] [WARN] warn - ruta /favicon.ico método GET no implementada
[2023-03-20T10:23:48.707] [WARN] warn - ruta /css/estilos.css método GET no implementada
[2023-03-20T10:26:08.299] [WARN] warn - ruta /js/main.js método GET no implementada
[2023-03-20T10:26:08.302] [WARN] warn - ruta /css/estilos.css método GET no implementada
[2023-03-20T10:26:08.356] [WARN] warn - ruta /favicon.ico método GET no implementada
[2023-03-20T10:26:57.532] [WARN] warn - ruta /css/estilos.css método GET no implementada
[2023-03-20T10:26:57.562] [WARN] warn - ruta /js/main.js método GET no implementada
[2023-03-20T10:26:57.615] [WARN] warn - ruta /favicon.ico método GET no implementada
[2023-03-20T10:26:59.661] [WARN] warn - ruta /css/estilos.css método GET no implementada
[2023-03-20T10:26:59.671] [WARN] warn - ruta /js/main.js método GET no implementada
[2023-03-20T10:26:59.686] [WARN] warn - ruta /favicon.ico método GET no implementada
[2023-03-20T10:27:05.923] [WARN] warn - ruta /css/estilos.css método GET no implementada
[2023-03-20T10:27:05.932] [WARN] warn - ruta /js/main.js método GET no implementada
[2023-03-20T10:27:05.973] [WARN] warn - ruta /favicon.ico método GET no implementada
[2023-03-20T10:29:08.510] [WARN] warn - ruta /css/estilos.css método GET no implementada
[2023-03-20T10:29:08.519] [WARN] warn - ruta /js/main.js método GET no implementada
[2023-03-20T10:29:08.645] [WARN] warn - ruta /favicon.ico método GET no implementada
[2023-03-20T10:29:14.603] [WARN] warn - ruta /js/main.js método GET no implementada
[2023-03-20T10:29:14.606] [WARN] warn - ruta /css/estilos.css método GET no implementada
[2023-03-20T10:29:14.627] [WARN] warn - ruta /favicon.ico método GET no implementada
[2023-03-20T10:29:16.665] [WARN] warn - ruta /js/main.js método GET no implementada
[2023-03-20T10:29:16.666] [WARN] warn - ruta /css/estilos.css método GET no implementada
[2023-03-20T10:29:16.697] [WARN] warn - ruta /favicon.ico método GET no implementada
[2023-03-20T10:29:20.533] [WARN] warn - ruta /css/estilos.css método GET no implementada
[2023-03-20T10:29:20.534] [WARN] warn - ruta /js/main.js método GET no implementada
[2023-03-20T10:29:20.575] [WARN] warn - ruta /favicon.ico método GET no implementada
[2023-03-20T10:30:15.227] [WARN] warn - ruta /css/estilos.css método GET no implementada
[2023-03-20T10:30:15.241] [WARN] warn - ruta /js/main.js método GET no implementada
[2023-03-20T10:30:15.260] [WARN] warn - ruta /favicon.ico método GET no implementada
[2023-03-20T10:30:16.502] [WARN] warn - ruta /js/main.js método GET no implementada
[2023-03-20T10:30:16.510] [WARN] warn - ruta /css/estilos.css método GET no implementada
[2023-03-20T10:30:16.542] [WARN] warn - ruta /favicon.ico método GET no implementada
[2023-03-20T10:30:20.295] [WARN] warn - ruta /js/main.js método GET no implementada
[2023-03-20T10:30:20.297] [WARN] warn - ruta /css/estilos.css método GET no implementada
[2023-03-20T10:30:20.315] [WARN] warn - ruta /favicon.ico método GET no implementada
[2023-03-20T10:30:22.061] [WARN] warn - ruta /css/estilos.css método GET no implementada
[2023-03-20T10:30:22.065] [WARN] warn - ruta /js/main.js método GET no implementada
[2023-03-20T10:30:22.091] [WARN] warn - ruta /favicon.ico método GET no implementada
[2023-03-20T10:30:24.131] [WARN] warn - ruta /js/main.js método GET no implementada
[2023-03-20T10:30:24.132] [WARN] warn - ruta /css/estilos.css método GET no implementada
[2023-03-20T10:30:24.178] [WARN] warn - ruta /favicon.ico método GET no implementada
[2023-03-20T10:30:35.967] [WARN] warn - ruta /css/estilos.css método GET no implementada
[2023-03-20T10:30:35.970] [WARN] warn - ruta /js/main.js método GET no implementada
[2023-03-20T10:30:36.008] [WARN] warn - ruta /favicon.ico método GET no implementada
[2023-03-20T10:31:49.889] [WARN] warn - ruta /js/main.js método GET no implementada
[2023-03-20T10:31:49.909] [WARN] warn - ruta /css/estilos.css método GET no implementada
[2023-03-20T10:31:49.931] [WARN] warn - ruta /favicon.ico método GET no implementada
[2023-03-20T10:31:51.424] [WARN] warn - ruta /css/estilos.css método GET no implementada
[2023-03-20T10:31:51.426] [WARN] warn - ruta /js/main.js método GET no implementada
[2023-03-20T10:31:51.472] [WARN] warn - ruta /favicon.ico método GET no implementada
[2023-03-20T10:31:53.514] [WARN] warn - ruta /js/main.js método GET no implementada
[2023-03-20T10:31:53.517] [WARN] warn - ruta /css/estilos.css método GET no implementada
[2023-03-20T10:31:53.560] [WARN] warn - ruta /favicon.ico método GET no implementada
[2023-03-20T10:32:03.385] [WARN] warn - ruta /js/main.js método GET no implementada
[2023-03-20T10:32:03.399] [WARN] warn - ruta /css/estilos.css método GET no implementada
[2023-03-20T10:32:03.434] [WARN] warn - ruta /favicon.ico método GET no implementada
[2023-03-20T10:32:21.560] [WARN] warn - ruta /css/estilos.css método GET no implementada
[2023-03-20T10:32:21.571] [WARN] warn - ruta /js/main.js método GET no implementada
[2023-03-20T10:32:21.621] [WARN] warn - ruta /favicon.ico método GET no implementada
[2023-03-20T10:32:22.981] [WARN] warn - ruta /css/estilos.css método GET no implementada
[2023-03-20T10:32:22.985] [WARN] warn - ruta /js/main.js método GET no implementada
[2023-03-20T10:32:23.018] [WARN] warn - ruta /favicon.ico método GET no implementada
[2023-03-20T10:32:25.055] [WARN] warn - ruta /css/estilos.css método GET no implementada
[2023-03-20T10:32:25.056] [WARN] warn - ruta /js/main.js método GET no implementada
[2023-03-20T10:32:25.091] [WARN] warn - ruta /favicon.ico método GET no implementada
[2023-03-20T10:32:29.613] [WARN] warn - ruta /js/main.js método GET no implementada
[2023-03-20T10:32:29.617] [WARN] warn - ruta /css/estilos.css método GET no implementada
[2023-03-20T10:32:29.654] [WARN] warn - ruta /favicon.ico método GET no implementada
[2023-03-20T10:32:44.974] [WARN] warn - ruta /js/main.js método GET no implementada
[2023-03-20T10:32:44.983] [WARN] warn - ruta /css/estilos.css método GET no implementada
[2023-03-20T10:32:45.018] [WARN] warn - ruta /favicon.ico método GET no implementada
[2023-03-20T10:32:47.590] [WARN] warn - ruta /css/estilos.css método GET no implementada
[2023-03-20T10:32:47.591] [WARN] warn - ruta /js/main.js método GET no implementada
[2023-03-20T10:32:47.628] [WARN] warn - ruta /favicon.ico método GET no implementada
[2023-03-20T10:32:49.658] [WARN] warn - ruta /js/main.js método GET no implementada
[2023-03-20T10:32:49.659] [WARN] warn - ruta /css/estilos.css método GET no implementada
[2023-03-20T10:32:49.701] [WARN] warn - ruta /favicon.ico método GET no implementada
[2023-03-20T10:32:59.357] [WARN] warn - ruta /css/estilos.css método GET no implementada
[2023-03-20T10:32:59.357] [WARN] warn - ruta /js/main.js método GET no implementada
[2023-03-20T10:32:59.411] [WARN] warn - ruta /favicon.ico método GET no implementada
[2023-03-20T10:33:15.708] [WARN] warn - ruta /css/estilos.css método GET no implementada
[2023-03-20T10:33:15.713] [WARN] warn - ruta /js/main.js método GET no implementada
[2023-03-20T10:33:15.740] [WARN] warn - ruta /favicon.ico método GET no implementada
[2023-03-20T10:33:17.786] [WARN] warn - ruta /css/estilos.css método GET no implementada
[2023-03-20T10:33:17.787] [WARN] warn - ruta /js/main.js método GET no implementada
[2023-03-20T10:33:17.816] [WARN] warn - ruta /favicon.ico método GET no implementada
[2023-03-20T10:33:23.579] [WARN] warn - ruta /js/main.js método GET no implementada
[2023-03-20T10:33:23.585] [WARN] warn - ruta /css/estilos.css método GET no implementada
[2023-03-20T10:33:23.751] [WARN] warn - ruta /favicon.ico método GET no implementada
[2023-03-20T10:33:50.384] [WARN] warn - ruta /css/estilos.css método GET no implementada
[2023-03-20T10:33:50.394] [WARN] warn - ruta /js/main.js método GET no implementada
[2023-03-20T10:33:50.445] [WARN] warn - ruta /favicon.ico método GET no implementada
[2023-03-20T10:33:55.059] [WARN] warn - ruta /favicon.ico método GET no implementada
[2023-03-20T10:33:55.569] [WARN] warn - ruta /js/main.js método GET no implementada
[2023-03-20T10:33:55.590] [WARN] warn - ruta /css/estilos.css método GET no implementada
[2023-03-20T10:33:55.610] [WARN] warn - ruta /favicon.ico método GET no implementada
[2023-03-20T10:33:59.174] [WARN] warn - ruta /css/estilos.css método GET no implementada
[2023-03-20T10:33:59.175] [WARN] warn - ruta /js/main.js método GET no implementada
[2023-03-20T10:33:59.221] [WARN] warn - ruta /favicon.ico método GET no implementada
[2023-03-20T11:09:47.643] [WARN] warn - ruta /js/main.js método GET no implementada
[2023-03-20T11:09:47.675] [WARN] warn - ruta /css/estilos.css método GET no implementada
[2023-03-20T11:09:47.692] [WARN] warn - ruta /favicon.ico método GET no implementada
[2023-03-20T11:09:53.164] [WARN] warn - ruta /favicon.ico método GET no implementada
[2023-03-20T12:39:00.178] [WARN] warn - ruta /css/estilos.css método GET no implementada
[2023-03-20T12:39:00.287] [WARN] warn - ruta /css/estilos.css método GET no implementada
[2023-03-20T12:39:00.325] [WARN] warn - ruta /js/main.js método GET no implementada
[2023-03-20T12:39:00.450] [WARN] warn - ruta /favicon.ico método GET no implementada
[2023-03-20T12:41:08.509] [WARN] warn - ruta /favicon.ico método GET no implementada
[2023-03-20T12:41:10.760] [WARN] warn - ruta /favicon.ico método GET no implementada
[2023-03-20T12:41:12.917] [WARN] warn - ruta /css/estilos.css método GET no implementada
[2023-03-20T12:41:12.918] [WARN] warn - ruta /js/main.js método GET no implementada
[2023-03-20T12:41:12.962] [WARN] warn - ruta /favicon.ico método GET no implementada
[2023-03-20T12:46:43.824] [WARN] warn - ruta /css/estilos.css método GET no implementada
[2023-03-20T12:46:43.939] [WARN] warn - ruta /js/main.js método GET no implementada
[2023-03-20T12:46:44.040] [WARN] warn - ruta /favicon.ico método GET no implementada
[2023-03-20T12:48:24.083] [WARN] warn - ruta /favicon.ico método GET no implementada
[2023-03-20T12:48:43.243] [WARN] warn - ruta /favicon.ico método GET no implementada
[2023-03-20T12:48:43.251] [WARN] warn - ruta /favicon.ico método GET no implementada
[2023-03-20T12:48:45.271] [WARN] warn - ruta /favicon.ico método GET no implementada
[2023-03-20T12:48:45.801] [WARN] warn - ruta /favicon.ico método GET no implementada
[2023-03-20T12:48:45.816] [WARN] warn - ruta /css/estilos.css método GET no implementada
[2023-03-20T12:48:47.710] [WARN] warn - ruta /css/estilos.css método GET no implementada
[2023-03-20T12:48:47.755] [WARN] warn - ruta /js/main.js método GET no implementada
[2023-03-20T12:48:47.779] [WARN] warn - ruta /favicon.ico método GET no implementada
[2023-03-20T12:48:49.821] [WARN] warn - ruta /css/estilos.css método GET no implementada
[2023-03-20T12:48:49.822] [WARN] warn - ruta /js/main.js método GET no implementada
[2023-03-20T12:48:49.855] [WARN] warn - ruta /favicon.ico método GET no implementada
[2023-03-20T12:48:54.800] [WARN] warn - ruta /css/estilos.css método GET no implementada
[2023-03-20T12:48:54.801] [WARN] warn - ruta /js/main.js método GET no implementada
[2023-03-20T12:48:54.849] [WARN] warn - ruta /favicon.ico método GET no implementada
[2023-03-20T12:48:55.951] [WARN] warn - ruta /favicon.ico método GET no implementada
[2023-03-20T12:48:55.957] [WARN] warn - ruta /favicon.ico método GET no implementada
[2023-03-20T12:49:30.021] [WARN] warn - ruta /favicon.ico método GET no implementada
[2023-03-20T12:49:43.013] [WARN] warn - ruta /css/estilos.css método GET no implementada
[2023-03-20T12:49:43.022] [WARN] warn - ruta /js/main.js método GET no implementada
[2023-03-20T12:49:43.098] [WARN] warn - ruta /css/estilos.css método GET no implementada
[2023-03-20T12:49:43.102] [WARN] warn - ruta /js/main.js método GET no implementada
[2023-03-20T12:49:43.126] [WARN] warn - ruta /favicon.ico método GET no implementada
[2023-03-20T12:55:43.807] [WARN] warn - ruta /css/estilos.css método GET no implementada
[2023-03-20T12:55:43.822] [WARN] warn - ruta /js/main.js método GET no implementada
[2023-03-20T12:55:43.905] [WARN] warn - ruta /favicon.ico método GET no implementada
[2023-03-20T12:55:45.826] [WARN] warn - ruta /js/main.js método GET no implementada
[2023-03-20T12:55:45.831] [WARN] warn - ruta /css/estilos.css método GET no implementada
[2023-03-20T12:55:45.865] [WARN] warn - ruta /favicon.ico método GET no implementada
[2023-03-20T12:55:48.692] [WARN] warn - ruta /js/main.js método GET no implementada
[2023-03-20T12:55:48.694] [WARN] warn - ruta /css/estilos.css método GET no implementada
[2023-03-20T12:55:48.734] [WARN] warn - ruta /favicon.ico método GET no implementada
[2023-03-20T12:55:55.054] [WARN] warn - ruta /css/estilos.css método GET no implementada
[2023-03-20T12:55:55.054] [WARN] warn - ruta /js/main.js método GET no implementada
[2023-03-20T12:55:55.131] [WARN] warn - ruta /favicon.ico método GET no implementada
[2023-03-20T12:55:55.931] [WARN] warn - ruta /css/estilos.css método GET no implementada
[2023-03-20T12:55:55.933] [WARN] warn - ruta /js/main.js método GET no implementada
[2023-03-20T12:55:55.998] [WARN] warn - ruta /favicon.ico método GET no implementada
[2023-03-20T12:56:16.382] [WARN] warn - ruta /css/estilos.css método GET no implementada
[2023-03-20T12:56:16.392] [WARN] warn - ruta /js/main.js método GET no implementada
[2023-03-20T12:56:16.428] [WARN] warn - ruta /favicon.ico método GET no implementada
[2023-03-20T12:56:17.244] [WARN] warn - ruta /js/main.js método GET no implementada
[2023-03-20T12:56:17.248] [WARN] warn - ruta /css/estilos.css método GET no implementada
[2023-03-20T12:56:17.310] [WARN] warn - ruta /upload/item2.jpeg método GET no implementada
[2023-03-20T12:56:17.311] [WARN] warn - ruta /upload/item3.jpeg método GET no implementada
[2023-03-20T12:56:17.324] [WARN] warn - ruta /upload/item1.jpeg método GET no implementada
[2023-03-20T12:56:17.346] [WARN] warn - ruta /upload/item9.jpeg método GET no implementada
[2023-03-20T12:56:17.348] [WARN] warn - ruta /upload/item8.jpeg método GET no implementada
[2023-03-20T12:56:17.349] [WARN] warn - ruta /api/none método GET no implementada
[2023-03-20T12:56:17.391] [WARN] warn - ruta /upload/item4.jpeg método GET no implementada
[2023-03-20T12:56:17.446] [WARN] warn - ruta /upload/item5.jpeg método GET no implementada
[2023-03-20T12:56:17.450] [WARN] warn - ruta /upload/item7.jpeg método GET no implementada
[2023-03-20T12:56:17.467] [WARN] warn - ruta /favicon.ico método GET no implementada
[2023-03-20T12:56:17.958] [WARN] warn - ruta /css/estilos.css método GET no implementada
[2023-03-20T12:56:17.959] [WARN] warn - ruta /js/main.js método GET no implementada
[2023-03-20T12:56:17.977] [WARN] warn - ruta /favicon.ico método GET no implementada
[2023-03-20T12:56:24.393] [WARN] warn - ruta /css/estilos.css método GET no implementada
[2023-03-20T12:56:24.394] [WARN] warn - ruta /upload/item7.jpeg método GET no implementada
[2023-03-20T12:56:24.396] [WARN] warn - ruta /js/main.js método GET no implementada
[2023-03-20T12:56:24.404] [WARN] warn - ruta /upload/item2.jpeg método GET no implementada
[2023-03-20T12:56:24.404] [WARN] warn - ruta /upload/item5.jpeg método GET no implementada
[2023-03-20T12:56:24.411] [WARN] warn - ruta /upload/item4.jpeg método GET no implementada
[2023-03-20T12:56:24.412] [WARN] warn - ruta /upload/item3.jpeg método GET no implementada
[2023-03-20T12:56:24.413] [WARN] warn - ruta /upload/item1.jpeg método GET no implementada
[2023-03-20T12:56:24.512] [WARN] warn - ruta /api/none método GET no implementada
[2023-03-20T12:56:24.520] [WARN] warn - ruta /upload/item9.jpeg método GET no implementada
[2023-03-20T12:56:24.520] [WARN] warn - ruta /upload/item8.jpeg método GET no implementada
[2023-03-20T12:56:24.535] [WARN] warn - ruta /favicon.ico método GET no implementada
[2023-03-20T12:56:25.457] [WARN] warn - ruta /js/main.js método GET no implementada
[2023-03-20T12:56:25.457] [WARN] warn - ruta /css/estilos.css método GET no implementada
[2023-03-20T12:56:25.507] [WARN] warn - ruta /favicon.ico método GET no implementada
[2023-03-20T12:56:26.135] [WARN] warn - ruta /js/main.js método GET no implementada
[2023-03-20T12:56:26.136] [WARN] warn - ruta /css/estilos.css método GET no implementada
[2023-03-20T12:56:26.164] [WARN] warn - ruta /favicon.ico método GET no implementada
[2023-03-20T12:56:27.004] [WARN] warn - ruta /js/main.js método GET no implementada
[2023-03-20T12:56:27.011] [WARN] warn - ruta /css/estilos.css método GET no implementada
[2023-03-20T12:56:27.039] [WARN] warn - ruta /favicon.ico método GET no implementada
[2023-03-20T12:56:34.330] [WARN] warn - ruta /js/main.js método GET no implementada
[2023-03-20T12:56:34.372] [WARN] warn - ruta /css/estilos.css método GET no implementada
[2023-03-20T12:56:34.394] [WARN] warn - ruta /favicon.ico método GET no implementada
[2023-03-20T12:56:44.415] [WARN] warn - ruta /css/estilos.css método GET no implementada
[2023-03-20T12:56:44.423] [WARN] warn - ruta /js/main.js método GET no implementada
[2023-03-20T12:56:44.448] [WARN] warn - ruta /favicon.ico método GET no implementada
[2023-03-20T12:56:44.492] [WARN] warn - ruta /css/estilos.css método GET no implementada
[2023-03-20T12:56:44.493] [WARN] warn - ruta /js/main.js método GET no implementada
[2023-03-20T12:56:44.514] [WARN] warn - ruta /favicon.ico método GET no implementada
[2023-03-20T12:56:46.285] [WARN] warn - ruta /css/estilos.css método GET no implementada
[2023-03-20T12:56:46.292] [WARN] warn - ruta /upload/item4.jpeg método GET no implementada
[2023-03-20T12:56:46.292] [WARN] warn - ruta /upload/item7.jpeg método GET no implementada
[2023-03-20T12:56:46.302] [WARN] warn - ruta /js/main.js método GET no implementada
[2023-03-20T12:56:46.303] [WARN] warn - ruta /upload/item5.jpeg método GET no implementada
[2023-03-20T12:56:46.303] [WARN] warn - ruta /upload/item3.jpeg método GET no implementada
[2023-03-20T12:56:46.303] [WARN] warn - ruta /upload/item2.jpeg método GET no implementada
[2023-03-20T12:56:46.314] [WARN] warn - ruta /upload/item1.jpeg método GET no implementada
[2023-03-20T12:56:46.435] [WARN] warn - ruta /api/none método GET no implementada
[2023-03-20T12:56:46.436] [WARN] warn - ruta /upload/item9.jpeg método GET no implementada
[2023-03-20T12:56:46.437] [WARN] warn - ruta /upload/item8.jpeg método GET no implementada
[2023-03-20T12:56:46.456] [WARN] warn - ruta /favicon.ico método GET no implementada
[2023-03-20T12:56:47.197] [WARN] warn - ruta /js/main.js método GET no implementada
[2023-03-20T12:56:47.210] [WARN] warn - ruta /css/estilos.css método GET no implementada
[2023-03-20T12:56:47.224] [WARN] warn - ruta /upload/item4.jpeg método GET no implementada
[2023-03-20T12:56:47.224] [WARN] warn - ruta /upload/item2.jpeg método GET no implementada
[2023-03-20T12:56:47.227] [WARN] warn - ruta /upload/item5.jpeg método GET no implementada
[2023-03-20T12:56:47.238] [WARN] warn - ruta /upload/item3.jpeg método GET no implementada
[2023-03-20T12:56:47.254] [WARN] warn - ruta /upload/item7.jpeg método GET no implementada
[2023-03-20T12:56:47.261] [WARN] warn - ruta /upload/item9.jpeg método GET no implementada
[2023-03-20T12:56:47.263] [WARN] warn - ruta /upload/item8.jpeg método GET no implementada
[2023-03-20T12:56:47.277] [WARN] warn - ruta /upload/item1.jpeg método GET no implementada
[2023-03-20T12:56:47.292] [WARN] warn - ruta /api/none método GET no implementada
[2023-03-20T12:56:47.315] [WARN] warn - ruta /favicon.ico método GET no implementada
[2023-03-20T12:56:47.880] [WARN] warn - ruta /css/estilos.css método GET no implementada
[2023-03-20T12:56:47.881] [WARN] warn - ruta /js/main.js método GET no implementada
[2023-03-20T12:56:47.931] [WARN] warn - ruta /favicon.ico método GET no implementada
[2023-03-20T13:00:18.472] [WARN] warn - ruta /css/estilos.css método GET no implementada
[2023-03-20T13:00:18.496] [WARN] warn - ruta /js/main.js método GET no implementada
[2023-03-20T13:00:18.561] [WARN] warn - ruta /favicon.ico método GET no implementada
[2023-03-20T13:01:05.066] [WARN] warn - ruta /js/main.js método GET no implementada
[2023-03-20T13:01:05.076] [WARN] warn - ruta /css/estilos.css método GET no implementada
[2023-03-20T13:01:05.110] [WARN] warn - ruta /favicon.ico método GET no implementada
[2023-03-20T13:01:08.012] [WARN] warn - ruta /css/estilos.css método GET no implementada
[2023-03-20T13:01:08.015] [WARN] warn - ruta /js/main.js método GET no implementada
[2023-03-20T13:01:08.110] [WARN] warn - ruta /favicon.ico método GET no implementada
[2023-03-20T13:01:08.950] [WARN] warn - ruta /css/estilos.css método GET no implementada
[2023-03-20T13:01:08.951] [WARN] warn - ruta /js/main.js método GET no implementada
[2023-03-20T13:01:08.962] [WARN] warn - ruta /favicon.ico método GET no implementada
[2023-03-20T13:01:11.008] [WARN] warn - ruta /js/main.js método GET no implementada
[2023-03-20T13:01:11.023] [WARN] warn - ruta /css/estilos.css método GET no implementada
[2023-03-20T13:01:11.054] [WARN] warn - ruta /favicon.ico método GET no implementada
[2023-03-20T13:01:12.354] [WARN] warn - ruta /js/main.js método GET no implementada
[2023-03-20T13:01:12.355] [WARN] warn - ruta /css/estilos.css método GET no implementada
[2023-03-20T13:01:12.370] [WARN] warn - ruta /favicon.ico método GET no implementada
[2023-03-20T13:02:54.991] [WARN] warn - ruta /css/estilos.css método GET no implementada
[2023-03-20T13:02:55.073] [WARN] warn - ruta /js/main.js método GET no implementada
[2023-03-20T13:02:55.128] [WARN] warn - ruta /favicon.ico método GET no implementada
[2023-03-20T13:04:13.425] [WARN] warn - ruta /favicon.ico método GET no implementada
[2023-03-20T13:04:14.942] [WARN] warn - ruta /css/estilos.css método GET no implementada
[2023-03-20T13:04:14.946] [WARN] warn - ruta /js/main.js método GET no implementada
[2023-03-20T13:04:14.984] [WARN] warn - ruta /favicon.ico método GET no implementada
[2023-03-20T13:04:52.972] [WARN] warn - ruta /favicon.ico método GET no implementada
[2023-03-20T13:04:54.344] [WARN] warn - ruta /css/estilos.css método GET no implementada
[2023-03-20T13:04:54.364] [WARN] warn - ruta /js/main.js método GET no implementada
[2023-03-20T13:04:54.395] [WARN] warn - ruta /favicon.ico método GET no implementada
[2023-03-20T13:06:22.804] [WARN] warn - ruta /css/estilos.css método GET no implementada
[2023-03-20T13:06:22.824] [WARN] warn - ruta /js/main.js método GET no implementada
[2023-03-20T13:06:22.902] [WARN] warn - ruta /favicon.ico método GET no implementada
[2023-03-20T13:07:21.471] [WARN] warn - ruta /css/estilos.css método GET no implementada
[2023-03-20T13:07:21.500] [WARN] warn - ruta /js/main.js método GET no implementada
[2023-03-20T13:07:21.604] [WARN] warn - ruta /favicon.ico método GET no implementada
